<?xml version="1.0" encoding="UTF-8"?>
<robot generator="Robot 6.0 (Python 3.11.0 on win32)" generated="20221109 15:14:13.825" rpa="false" schemaversion="3">
<suite id="s1" name="Trade" source="C:\vdt2\trade-sticker\tests\trade.robot">
<test id="s1-t1" name="Deve nogociar a figurinha Neymar Legend" line="7">
<kw name="Go To Login Page" library="login">
<kw name="New Browser" library="dash" sourcename="${header_title}">
<arg>headless=False</arg>
<msg timestamp="20221109 15:14:14.552" level="FAIL">Keyword 'dash.${header_title}' expected 0 arguments, got 1.</msg>
<status status="FAIL" starttime="20221109 15:14:14.551" endtime="20221109 15:14:14.552"/>
</kw>
<kw name="New Page" library="dash" sourcename="${header_title}">
<arg>https://trade-sticker-dev.vercel.app</arg>
<status status="NOT RUN" starttime="20221109 15:14:14.552" endtime="20221109 15:14:14.552"/>
</kw>
<status status="FAIL" starttime="20221109 15:14:14.551" endtime="20221109 15:14:14.552"/>
</kw>
<kw name="Submit Credentials" library="login">
<arg>papito@gmail.com</arg>
<arg>vaibrasil</arg>
<status status="NOT RUN" starttime="20221109 15:14:14.552" endtime="20221109 15:14:14.552"/>
</kw>
<kw name="User Logged in" library="dash">
<status status="NOT RUN" starttime="20221109 15:14:14.552" endtime="20221109 15:14:14.552"/>
</kw>
<kw name="Search User" library="dash">
<arg>legend</arg>
<status status="NOT RUN" starttime="20221109 15:14:14.553" endtime="20221109 15:14:14.553"/>
</kw>
<kw name="Sleep" library="dash" sourcename="${header_title}">
<arg>10</arg>
<status status="NOT RUN" starttime="20221109 15:14:14.553" endtime="20221109 15:14:14.553"/>
</kw>
<status status="FAIL" starttime="20221109 15:14:14.548" endtime="20221109 15:14:14.553">Keyword 'dash.${header_title}' expected 0 arguments, got 1.</status>
</test>
<doc>Teste de negociação de figurinhas da copa</doc>
<status status="FAIL" starttime="20221109 15:14:13.826" endtime="20221109 15:14:14.555"/>
</suite>
<statistics>
<total>
<stat pass="0" fail="1" skip="0">All Tests</stat>
</total>
<tag>
</tag>
<suite>
<stat pass="0" fail="1" skip="0" id="s1" name="Trade">Trade</stat>
</suite>
</statistics>
<errors>
</errors>
</robot>
